<?xml version="1.0" encoding="UTF-8"?>
<testng-results ignored="0" total="3" passed="3" failed="0" skipped="0">
  <reporter-output>
  </reporter-output>
  <suite started-at="2023-07-31T21:26:58 IST" name="Default suite" finished-at="2023-07-31T21:28:01 IST" duration-ms="62430">
    <groups>
      <group name="cucumber">
        <method signature="AbstractTestNGCucumberTests.runScenario(io.cucumber.testng.PickleWrapper,io.cucumber.testng.FeatureWrapper)[pri:0, instance:TestRunner.RunnerTest@27406a17]" name="runScenario" class="io.cucumber.testng.AbstractTestNGCucumberTests"/>
      </group> <!-- cucumber -->
    </groups>
    <test started-at="2023-07-31T21:26:58 IST" name="Default test" finished-at="2023-07-31T21:28:01 IST" duration-ms="62430">
      <class name="TestRunner.RunnerTest">
        <test-method is-config="true" signature="setUpClass(org.testng.ITestContext)[pri:0, instance:TestRunner.RunnerTest@27406a17]" started-at="2023-07-31T21:26:58 IST" name="setUpClass" finished-at="2023-07-31T21:27:01 IST" duration-ms="2306" status="PASS">
          <params>
            <param index="0">
              <value>
                <![CDATA[org.testng.TestRunner@106459d9]]>
              </value>
            </param>
          </params>
          <reporter-output>
          </reporter-output>
        </test-method> <!-- setUpClass -->
        <test-method signature="runScenario(io.cucumber.testng.PickleWrapper,io.cucumber.testng.FeatureWrapper)[pri:0, instance:TestRunner.RunnerTest@27406a17]" started-at="2023-07-31T21:27:01 IST" name="runScenario" description="Runs Cucumber Scenarios" data-provider="scenarios" finished-at="2023-07-31T21:27:24 IST" duration-ms="23398" status="PASS">
          <params>
            <param index="0">
              <value>
                <![CDATA["Test Cogmento Login page"]]>
              </value>
            </param>
            <param index="1">
              <value>
                <![CDATA["Test Cogmento Application"]]>
              </value>
            </param>
          </params>
          <reporter-output>
          </reporter-output>
        </test-method> <!-- runScenario -->
        <test-method signature="runScenario(io.cucumber.testng.PickleWrapper,io.cucumber.testng.FeatureWrapper)[pri:0, instance:TestRunner.RunnerTest@27406a17]" started-at="2023-07-31T21:27:24 IST" name="runScenario" description="Runs Cucumber Scenarios" data-provider="scenarios" finished-at="2023-07-31T21:27:28 IST" duration-ms="3623" status="PASS">
          <params>
            <param index="0">
              <value>
                <![CDATA["Test Cogmento Home Page"]]>
              </value>
            </param>
            <param index="1">
              <value>
                <![CDATA["Test Cogmento Application"]]>
              </value>
            </param>
          </params>
          <reporter-output>
          </reporter-output>
        </test-method> <!-- runScenario -->
        <test-method signature="runScenario(io.cucumber.testng.PickleWrapper,io.cucumber.testng.FeatureWrapper)[pri:0, instance:TestRunner.RunnerTest@27406a17]" started-at="2023-07-31T21:27:28 IST" name="runScenario" description="Runs Cucumber Scenarios" data-provider="scenarios" finished-at="2023-07-31T21:27:38 IST" duration-ms="10265" status="PASS">
          <params>
            <param index="0">
              <value>
                <![CDATA["Test Contacts Page"]]>
              </value>
            </param>
            <param index="1">
              <value>
                <![CDATA["Test Cogmento Application"]]>
              </value>
            </param>
          </params>
          <reporter-output>
          </reporter-output>
        </test-method> <!-- runScenario -->
        <test-method is-config="true" signature="tearDownClass()[pri:0, instance:TestRunner.RunnerTest@27406a17]" started-at="2023-07-31T21:27:38 IST" name="tearDownClass" finished-at="2023-07-31T21:28:01 IST" duration-ms="22741" status="PASS">
          <reporter-output>
          </reporter-output>
        </test-method> <!-- tearDownClass -->
      </class> <!-- TestRunner.RunnerTest -->
    </test> <!-- Default test -->
  </suite> <!-- Default suite -->
</testng-results>
